C:\USERS\JAMES\DOCUMENTS\GITHUB\JC_NGN\JCNGN\DEBUG\JCNGN.EXE
C:\USERS\JAMES\DOCUMENTS\GITHUB\JC_NGN\JCNGN\DEBUG\JCNGN.ILK
C:\USERS\JAMES\DOCUMENTS\GITHUB\JC_NGN\JCNGN\DEBUG\JCNGN.PDB
C:\USERS\JAMES\DOCUMENTS\GITHUB\JC_NGN\JCNGN\JCNGN\DEBUG\BITMAPCLASS.OBJ
C:\USERS\JAMES\DOCUMENTS\GITHUB\JC_NGN\JCNGN\JCNGN\DEBUG\CAMERACLASS.OBJ
C:\Users\James\Documents\GitHub\jc_ngn\jcngn\jcngn\Debug\cl.command.1.tlog
C:\Users\James\Documents\GitHub\jc_ngn\jcngn\jcngn\Debug\CL.read.1.tlog
C:\Users\James\Documents\GitHub\jc_ngn\jcngn\jcngn\Debug\CL.write.1.tlog
C:\USERS\JAMES\DOCUMENTS\GITHUB\JC_NGN\JCNGN\JCNGN\DEBUG\COLORSHADERCLASS.OBJ
C:\USERS\JAMES\DOCUMENTS\GITHUB\JC_NGN\JCNGN\JCNGN\DEBUG\CPUCLASS.OBJ
C:\USERS\JAMES\DOCUMENTS\GITHUB\JC_NGN\JCNGN\JCNGN\DEBUG\D3DCLASS.OBJ
C:\USERS\JAMES\DOCUMENTS\GITHUB\JC_NGN\JCNGN\JCNGN\DEBUG\FONTCLASS.OBJ
C:\USERS\JAMES\DOCUMENTS\GITHUB\JC_NGN\JCNGN\JCNGN\DEBUG\FONTSHADERCLASS.OBJ
C:\USERS\JAMES\DOCUMENTS\GITHUB\JC_NGN\JCNGN\JCNGN\DEBUG\FPSCLASS.OBJ
C:\USERS\JAMES\DOCUMENTS\GITHUB\JC_NGN\JCNGN\JCNGN\DEBUG\FRUSTUMCLASS.OBJ
C:\USERS\JAMES\DOCUMENTS\GITHUB\JC_NGN\JCNGN\JCNGN\DEBUG\GRAPHICSCLASS.OBJ
C:\USERS\JAMES\DOCUMENTS\GITHUB\JC_NGN\JCNGN\JCNGN\DEBUG\INPUTCLASS.OBJ
C:\USERS\JAMES\DOCUMENTS\GITHUB\JC_NGN\JCNGN\JCNGN\DEBUG\JCNGN.EXE.EMBED.MANIFEST
C:\USERS\JAMES\DOCUMENTS\GITHUB\JC_NGN\JCNGN\JCNGN\DEBUG\JCNGN.EXE.EMBED.MANIFEST.RES
C:\USERS\JAMES\DOCUMENTS\GITHUB\JC_NGN\JCNGN\JCNGN\DEBUG\JCNGN.EXE.INTERMEDIATE.MANIFEST
C:\Users\James\Documents\GitHub\jc_ngn\jcngn\jcngn\Debug\jcngn.vcxprojResolveAssemblyReference.cache
C:\Users\James\Documents\GitHub\jc_ngn\jcngn\jcngn\Debug\jcngn.write.1.tlog
C:\Users\James\Documents\GitHub\jc_ngn\jcngn\jcngn\Debug\jcngn_manifest.rc
C:\USERS\JAMES\DOCUMENTS\GITHUB\JC_NGN\JCNGN\JCNGN\DEBUG\LIGHTCLASS.OBJ
C:\USERS\JAMES\DOCUMENTS\GITHUB\JC_NGN\JCNGN\JCNGN\DEBUG\LIGHTMAPSHADERCLASS.OBJ
C:\USERS\JAMES\DOCUMENTS\GITHUB\JC_NGN\JCNGN\JCNGN\DEBUG\LIGHTSHADERCLASS.OBJ
C:\Users\James\Documents\GitHub\jc_ngn\jcngn\jcngn\Debug\link.1196.read.1.tlog
C:\Users\James\Documents\GitHub\jc_ngn\jcngn\jcngn\Debug\link.1196.write.1.tlog
C:\Users\James\Documents\GitHub\jc_ngn\jcngn\jcngn\Debug\link.1196-cvtres.read.1.tlog
C:\Users\James\Documents\GitHub\jc_ngn\jcngn\jcngn\Debug\link.1196-cvtres.write.1.tlog
C:\Users\James\Documents\GitHub\jc_ngn\jcngn\jcngn\Debug\link.2176.read.1.tlog
C:\Users\James\Documents\GitHub\jc_ngn\jcngn\jcngn\Debug\link.2176.write.1.tlog
C:\Users\James\Documents\GitHub\jc_ngn\jcngn\jcngn\Debug\link.2176-cvtres.read.1.tlog
C:\Users\James\Documents\GitHub\jc_ngn\jcngn\jcngn\Debug\link.2176-cvtres.write.1.tlog
C:\Users\James\Documents\GitHub\jc_ngn\jcngn\jcngn\Debug\link.300.read.1.tlog
C:\Users\James\Documents\GitHub\jc_ngn\jcngn\jcngn\Debug\link.300.write.1.tlog
C:\Users\James\Documents\GitHub\jc_ngn\jcngn\jcngn\Debug\link.300-cvtres.read.1.tlog
C:\Users\James\Documents\GitHub\jc_ngn\jcngn\jcngn\Debug\link.300-cvtres.write.1.tlog
C:\Users\James\Documents\GitHub\jc_ngn\jcngn\jcngn\Debug\link.5440.read.1.tlog
C:\Users\James\Documents\GitHub\jc_ngn\jcngn\jcngn\Debug\link.5440.write.1.tlog
C:\Users\James\Documents\GitHub\jc_ngn\jcngn\jcngn\Debug\link.5440-cvtres.read.1.tlog
C:\Users\James\Documents\GitHub\jc_ngn\jcngn\jcngn\Debug\link.5440-cvtres.write.1.tlog
C:\Users\James\Documents\GitHub\jc_ngn\jcngn\jcngn\Debug\link.5796.read.1.tlog
C:\Users\James\Documents\GitHub\jc_ngn\jcngn\jcngn\Debug\link.5796.write.1.tlog
C:\Users\James\Documents\GitHub\jc_ngn\jcngn\jcngn\Debug\link.5796-cvtres.read.1.tlog
C:\Users\James\Documents\GitHub\jc_ngn\jcngn\jcngn\Debug\link.5796-cvtres.write.1.tlog
C:\Users\James\Documents\GitHub\jc_ngn\jcngn\jcngn\Debug\link.6044.read.1.tlog
C:\Users\James\Documents\GitHub\jc_ngn\jcngn\jcngn\Debug\link.6044.write.1.tlog
C:\Users\James\Documents\GitHub\jc_ngn\jcngn\jcngn\Debug\link.6044-cvtres.read.1.tlog
C:\Users\James\Documents\GitHub\jc_ngn\jcngn\jcngn\Debug\link.6044-cvtres.write.1.tlog
C:\Users\James\Documents\GitHub\jc_ngn\jcngn\jcngn\Debug\link.6684.read.1.tlog
C:\Users\James\Documents\GitHub\jc_ngn\jcngn\jcngn\Debug\link.6684.write.1.tlog
C:\Users\James\Documents\GitHub\jc_ngn\jcngn\jcngn\Debug\link.6684-cvtres.read.1.tlog
C:\Users\James\Documents\GitHub\jc_ngn\jcngn\jcngn\Debug\link.6684-cvtres.write.1.tlog
C:\Users\James\Documents\GitHub\jc_ngn\jcngn\jcngn\Debug\link.6700.read.1.tlog
C:\Users\James\Documents\GitHub\jc_ngn\jcngn\jcngn\Debug\link.6700.write.1.tlog
C:\Users\James\Documents\GitHub\jc_ngn\jcngn\jcngn\Debug\link.6700-cvtres.read.1.tlog
C:\Users\James\Documents\GitHub\jc_ngn\jcngn\jcngn\Debug\link.6700-cvtres.write.1.tlog
C:\Users\James\Documents\GitHub\jc_ngn\jcngn\jcngn\Debug\link.6768.read.1.tlog
C:\Users\James\Documents\GitHub\jc_ngn\jcngn\jcngn\Debug\link.6768.write.1.tlog
C:\Users\James\Documents\GitHub\jc_ngn\jcngn\jcngn\Debug\link.6768-cvtres.read.1.tlog
C:\Users\James\Documents\GitHub\jc_ngn\jcngn\jcngn\Debug\link.6768-cvtres.write.1.tlog
C:\Users\James\Documents\GitHub\jc_ngn\jcngn\jcngn\Debug\link.6912.read.1.tlog
C:\Users\James\Documents\GitHub\jc_ngn\jcngn\jcngn\Debug\link.6912.write.1.tlog
C:\Users\James\Documents\GitHub\jc_ngn\jcngn\jcngn\Debug\link.6912-cvtres.read.1.tlog
C:\Users\James\Documents\GitHub\jc_ngn\jcngn\jcngn\Debug\link.6912-cvtres.write.1.tlog
C:\Users\James\Documents\GitHub\jc_ngn\jcngn\jcngn\Debug\link.7284.read.1.tlog
C:\Users\James\Documents\GitHub\jc_ngn\jcngn\jcngn\Debug\link.7284.write.1.tlog
C:\Users\James\Documents\GitHub\jc_ngn\jcngn\jcngn\Debug\link.7284-cvtres.read.1.tlog
C:\Users\James\Documents\GitHub\jc_ngn\jcngn\jcngn\Debug\link.7284-cvtres.write.1.tlog
C:\Users\James\Documents\GitHub\jc_ngn\jcngn\jcngn\Debug\link.8264.read.1.tlog
C:\Users\James\Documents\GitHub\jc_ngn\jcngn\jcngn\Debug\link.8264.write.1.tlog
C:\Users\James\Documents\GitHub\jc_ngn\jcngn\jcngn\Debug\link.8264-cvtres.read.1.tlog
C:\Users\James\Documents\GitHub\jc_ngn\jcngn\jcngn\Debug\link.8264-cvtres.write.1.tlog
C:\Users\James\Documents\GitHub\jc_ngn\jcngn\jcngn\Debug\link.8892.read.1.tlog
C:\Users\James\Documents\GitHub\jc_ngn\jcngn\jcngn\Debug\link.8892.write.1.tlog
C:\Users\James\Documents\GitHub\jc_ngn\jcngn\jcngn\Debug\link.8892-cvtres.read.1.tlog
C:\Users\James\Documents\GitHub\jc_ngn\jcngn\jcngn\Debug\link.8892-cvtres.write.1.tlog
C:\Users\James\Documents\GitHub\jc_ngn\jcngn\jcngn\Debug\link.command.1.tlog
C:\Users\James\Documents\GitHub\jc_ngn\jcngn\jcngn\Debug\link.read.1.tlog
C:\Users\James\Documents\GitHub\jc_ngn\jcngn\jcngn\Debug\link.write.1.tlog
C:\Users\James\Documents\GitHub\jc_ngn\jcngn\jcngn\Debug\link-cvtres.read.1.tlog
C:\Users\James\Documents\GitHub\jc_ngn\jcngn\jcngn\Debug\link-cvtres.write.1.tlog
C:\USERS\JAMES\DOCUMENTS\GITHUB\JC_NGN\JCNGN\JCNGN\DEBUG\MAIN.OBJ
C:\USERS\JAMES\DOCUMENTS\GITHUB\JC_NGN\JCNGN\JCNGN\DEBUG\MODELCLASS.OBJ
C:\Users\James\Documents\GitHub\jc_ngn\jcngn\jcngn\Debug\mt.command.1.tlog
C:\Users\James\Documents\GitHub\jc_ngn\jcngn\jcngn\Debug\mt.read.1.tlog
C:\Users\James\Documents\GitHub\jc_ngn\jcngn\jcngn\Debug\mt.write.1.tlog
C:\USERS\JAMES\DOCUMENTS\GITHUB\JC_NGN\JCNGN\JCNGN\DEBUG\MULTITEXTURESHADERCLASS.OBJ
C:\USERS\JAMES\DOCUMENTS\GITHUB\JC_NGN\JCNGN\JCNGN\DEBUG\OBJIMPORTER.OBJ
C:\Users\James\Documents\GitHub\jc_ngn\jcngn\jcngn\Debug\rc.command.1.tlog
C:\Users\James\Documents\GitHub\jc_ngn\jcngn\jcngn\Debug\rc.read.1.tlog
C:\Users\James\Documents\GitHub\jc_ngn\jcngn\jcngn\Debug\rc.write.1.tlog
C:\USERS\JAMES\DOCUMENTS\GITHUB\JC_NGN\JCNGN\JCNGN\DEBUG\SCENENODE.OBJ
C:\USERS\JAMES\DOCUMENTS\GITHUB\JC_NGN\JCNGN\JCNGN\DEBUG\SCENENODELIST.OBJ
C:\USERS\JAMES\DOCUMENTS\GITHUB\JC_NGN\JCNGN\JCNGN\DEBUG\SYSTEMCLASS.OBJ
C:\USERS\JAMES\DOCUMENTS\GITHUB\JC_NGN\JCNGN\JCNGN\DEBUG\TEXTCLASS.OBJ
C:\USERS\JAMES\DOCUMENTS\GITHUB\JC_NGN\JCNGN\JCNGN\DEBUG\TEXTUREARRAYCLASS.OBJ
C:\USERS\JAMES\DOCUMENTS\GITHUB\JC_NGN\JCNGN\JCNGN\DEBUG\TEXTURECLASS.OBJ
C:\USERS\JAMES\DOCUMENTS\GITHUB\JC_NGN\JCNGN\JCNGN\DEBUG\TEXTURESHADERCLASS.OBJ
C:\USERS\JAMES\DOCUMENTS\GITHUB\JC_NGN\JCNGN\JCNGN\DEBUG\TIMERCLASS.OBJ
C:\Users\James\Documents\GitHub\jc_ngn\jcngn\jcngn\Debug\vc100.idb
C:\USERS\JAMES\DOCUMENTS\GITHUB\JC_NGN\JCNGN\JCNGN\DEBUG\VC100.PDB
