  bitmapclass.cpp
  cameraclass.cpp
  colorshaderclass.cpp
  d3dclass.cpp
  graphicsclass.cpp
c:\users\james\documents\github\jc_ngn\jcngn\jcngn\OBJImporter.h(51): warning C4800: 'void *' : forcing value to bool 'true' or 'false' (performance warning)
graphicsclass.cpp(61): warning C4482: nonstandard extension used: enum 'SCENENODE_TYPE' used in qualified name
graphicsclass.cpp(190): warning C4244: '=' : conversion from 'int' to 'float', possible loss of data
graphicsclass.cpp(191): warning C4244: '=' : conversion from 'int' to 'float', possible loss of data
graphicsclass.cpp(263): warning C4305: 'argument' : truncation from 'double' to 'float'
  lightclass.cpp
  lightshaderclass.cpp
  main.cpp
c:\users\james\documents\github\jc_ngn\jcngn\jcngn\OBJImporter.h(51): warning C4800: 'void *' : forcing value to bool 'true' or 'false' (performance warning)
main.cpp(13): warning C4996: 'freopen': This function or variable may be unsafe. Consider using freopen_s instead. To disable deprecation, use _CRT_SECURE_NO_WARNINGS. See online help for details.
          C:\Program Files (x86)\Microsoft Visual Studio 10.0\VC\include\stdio.h(249) : see declaration of 'freopen'
main.cpp(14): warning C4996: 'freopen': This function or variable may be unsafe. Consider using freopen_s instead. To disable deprecation, use _CRT_SECURE_NO_WARNINGS. See online help for details.
          C:\Program Files (x86)\Microsoft Visual Studio 10.0\VC\include\stdio.h(249) : see declaration of 'freopen'
main.cpp(15): warning C4996: 'freopen': This function or variable may be unsafe. Consider using freopen_s instead. To disable deprecation, use _CRT_SECURE_NO_WARNINGS. See online help for details.
          C:\Program Files (x86)\Microsoft Visual Studio 10.0\VC\include\stdio.h(249) : see declaration of 'freopen'
  modelclass.cpp
  scenenode.cpp
c:\users\james\documents\github\jc_ngn\jcngn\jcngn\OBJImporter.h(51): warning C4800: 'void *' : forcing value to bool 'true' or 'false' (performance warning)
  systemclass.cpp
c:\users\james\documents\github\jc_ngn\jcngn\jcngn\OBJImporter.h(51): warning C4800: 'void *' : forcing value to bool 'true' or 'false' (performance warning)
  textureclass.cpp
  textureshaderclass.cpp
LINK : fatal error LNK1104: cannot open file 'd3dx11.lib'
